<?xml version="1.0" encoding="UTF-8"?>
<!-- Generated by org.testng.reporters.JUnitReportReporter -->
<testsuite skipped="0" hostname="Admin-PC" name="AndroidApp.installation_staging_TestNg" tests="1" failures="0" timestamp="12 Feb 2018 11:43:00 GMT" time="89.865" errors="0">
  <testcase name="check" time="89.865" classname="AndroidApp.installation_staging_TestNg"/>
</testsuite> <!-- AndroidApp.installation_staging_TestNg -->
