<?xml version="1.0" encoding="UTF-8"?>
<!-- Generated by org.testng.reporters.JUnitReportReporter -->
<testsuite skipped="0" hostname="Admin-PC" name="AndroidApp.google_login_staging" tests="5" failures="0" timestamp="01 Feb 2018 10:11:57 GMT" time="289.250" errors="0">
  <testcase name="setup" time="65.906" classname="AndroidApp.google_login_staging"/>
  <testcase name="install" time="10.002" classname="AndroidApp.google_login_staging"/>
  <testcase name="GoogleCTA" time="1.201" classname="AndroidApp.google_login_staging"/>
  <testcase name="slectgoogle" time="6.458" classname="AndroidApp.google_login_staging"/>
  <testcase name="onboarding" time="205.683" classname="AndroidApp.google_login_staging"/>
</testsuite> <!-- AndroidApp.google_login_staging -->
