<?xml version="1.0" encoding="UTF-8"?>
<!-- Generated by org.testng.reporters.JUnitReportReporter -->
<testsuite skipped="0" hostname="Admin-PC" name="AndroidApp.installation_staging" tests="1" failures="0" timestamp="01 Feb 2018 10:10:48 GMT" time="25.837" errors="0">
  <testcase name="check" time="25.837" classname="AndroidApp.installation_staging"/>
</testsuite> <!-- AndroidApp.installation_staging -->
