<?xml version="1.0" encoding="UTF-8"?>
<!-- Generated by org.testng.reporters.JUnitReportReporter -->
<testsuite skipped="0" hostname="Admin-PC" name="AndroidApp.installation_production" tests="1" failures="0" timestamp="01 Feb 2018 07:37:56 GMT" time="25.477" errors="0">
  <testcase name="check" time="25.477" classname="AndroidApp.installation_production"/>
</testsuite> <!-- AndroidApp.installation_production -->
