<?xml version="1.0" encoding="UTF-8"?>
<!-- Generated by org.testng.reporters.JUnitReportReporter -->
<testsuite skipped="0" hostname="Admin-PC" name="AndroidApp.google_login_production" tests="5" failures="0" timestamp="01 Feb 2018 09:50:07 GMT" time="137.119" errors="0">
  <testcase name="setup" time="58.083" classname="AndroidApp.google_login_production"/>
  <testcase name="install" time="10.003" classname="AndroidApp.google_login_production"/>
  <testcase name="GoogleCTA" time="1.250" classname="AndroidApp.google_login_production"/>
  <testcase name="slectgoogle" time="6.279" classname="AndroidApp.google_login_production"/>
  <testcase name="onboarding" time="61.504" classname="AndroidApp.google_login_production"/>
</testsuite> <!-- AndroidApp.google_login_production -->
